<?xml version="1.0" encoding="UTF-8"?>
<testng-results skipped="0" failed="0" ignored="0" total="1" passed="1">
  <reporter-output>
  </reporter-output>
  <suite name="Default suite" duration-ms="1215" started-at="2019-08-20T11:32:01Z" finished-at="2019-08-20T11:32:02Z">
    <groups>
    </groups>
    <test name="Default test" duration-ms="1215" started-at="2019-08-20T11:32:01Z" finished-at="2019-08-20T11:32:02Z">
      <class name="com.qa.test.GetAPITest">
        <test-method status="PASS" signature="setup()[pri:0, instance:com.qa.test.GetAPITest@58651fd0]" name="setup" is-config="true" duration-ms="10" started-at="2019-08-20T11:32:01Z" finished-at="2019-08-20T11:32:01Z">
          <reporter-output>
          </reporter-output>
        </test-method> <!-- setup -->
        <test-method status="PASS" signature="getTest()[pri:0, instance:com.qa.test.GetAPITest@58651fd0]" name="getTest" duration-ms="1177" started-at="2019-08-20T11:32:01Z" finished-at="2019-08-20T11:32:02Z">
          <reporter-output>
          </reporter-output>
        </test-method> <!-- getTest -->
      </class> <!-- com.qa.test.GetAPITest -->
    </test> <!-- Default test -->
  </suite> <!-- Default suite -->
</testng-results>
